<?xml version="1.0" encoding="UTF-8"?>
<!-- Generated by org.testng.reporters.JUnitReportReporter -->
<testsuite hostname="DESKTOP-GJPQQPC" failures="0" tests="2" name="com.qa.tests.DeleteAPITest" time="1.082" errors="0" timestamp="15 Nov 2019 03:08:49 GMT" skipped="0">
  <testcase classname="com.qa.tests.DeleteAPITest" name="getAPITestWithoutHeaders" time="0.673"/>
  <testcase classname="com.qa.tests.DeleteAPITest" name="deleteAPITestWithHeaders" time="0.409"/>
</testsuite> <!-- com.qa.tests.DeleteAPITest -->
