<?xml version="1.0" encoding="UTF-8"?>
<!-- Generated by org.testng.reporters.JUnitReportReporter -->
<testsuite hostname="DESKTOP-GJPQQPC" failures="0" tests="1" name="com.qa.tests.UpdateAPITest" time="0.752" errors="0" timestamp="15 Nov 2019 03:08:49 GMT" skipped="0">
  <testcase classname="com.qa.tests.UpdateAPITest" name="updateAPITest" time="0.752"/>
</testsuite> <!-- com.qa.tests.UpdateAPITest -->
