<?xml version="1.0" encoding="UTF-8"?>
<!-- Generated by org.testng.reporters.JUnitReportReporter -->
<testsuite hostname="DESKTOP-GJPQQPC" failures="0" tests="1" name="com.qa.tests.DeleteAPITest" time="0.397" errors="0" timestamp="12 Nov 2019 04:49:49 GMT" skipped="0">
  <testcase classname="com.qa.tests.DeleteAPITest" name="deleteAPITestWithHeaders" time="0.397"/>
</testsuite> <!-- com.qa.tests.DeleteAPITest -->
